<?xml version="1.0" encoding="UTF-8"?>
<!-- Generated by org.testng.reporters.JUnitXMLReporter -->
<testsuite ignored="0" hostname="DESKTOP-396J4GE" failures="0" tests="4" name="Default test" time="78.106" errors="0" timestamp="07 Jan 2023 12:15:19 GMT">
  <testcase classname="org.selenium.TestngDataprovider" name="login" time="12.763"/>
  <testcase classname="org.selenium.TestngDataprovider" name="login" time="15.962"/>
  <testcase classname="org.selenium.TestngDataprovider" name="search" time="11.451"/>
  <testcase classname="org.selenium.TestngDataprovider" name="search" time="35.63"/>
</testsuite> <!-- Default test -->
