<?xml version="1.0" encoding="UTF-8"?>
<testng-results ignored="0" total="4" passed="4" failed="0" skipped="0">
  <reporter-output>
  </reporter-output>
  <suite started-at="2023-01-07T12:13:59Z" name="Default suite" finished-at="2023-01-07T12:15:17Z" duration-ms="78106">
    <groups>
    </groups>
    <test started-at="2023-01-07T12:13:59Z" name="Default test" finished-at="2023-01-07T12:15:17Z" duration-ms="78106">
      <class name="org.selenium.TestngDataprovider">
        <test-method signature="login(java.lang.String, java.lang.String)[pri:1, instance:org.selenium.TestngDataprovider@73eb439a]" started-at="2023-01-07T12:14:01Z" name="login" data-provider="Getdata" finished-at="2023-01-07T12:14:13Z" duration-ms="12763" status="PASS">
          <params>
            <param index="0">
              <value>
                <![CDATA[Adactin1294]]>
              </value>
            </param>
            <param index="1">
              <value>
                <![CDATA[Dilli@1234]]>
              </value>
            </param>
          </params>
          <reporter-output>
          </reporter-output>
        </test-method> <!-- login -->
        <test-method signature="login(java.lang.String, java.lang.String)[pri:1, instance:org.selenium.TestngDataprovider@73eb439a]" started-at="2023-01-07T12:14:13Z" name="login" data-provider="Getdata" finished-at="2023-01-07T12:14:29Z" duration-ms="15962" status="PASS">
          <params>
            <param index="0">
              <value>
                <![CDATA[Adactin1292]]>
              </value>
            </param>
            <param index="1">
              <value>
                <![CDATA[Dilli@1239]]>
              </value>
            </param>
          </params>
          <reporter-output>
          </reporter-output>
        </test-method> <!-- login -->
        <test-method signature="search(java.lang.String, java.lang.String, java.lang.String)[pri:2, instance:org.selenium.TestngDataprovider@73eb439a]" started-at="2023-01-07T12:14:30Z" name="search" data-provider="Getsearch" finished-at="2023-01-07T12:14:42Z" duration-ms="11451" status="PASS">
          <params>
            <param index="0">
              <value>
                <![CDATA[Adactin1294]]>
              </value>
            </param>
            <param index="1">
              <value>
                <![CDATA[Dilli@1234]]>
              </value>
            </param>
            <param index="2">
              <value>
                <![CDATA[Sydney]]>
              </value>
            </param>
          </params>
          <reporter-output>
          </reporter-output>
        </test-method> <!-- search -->
        <test-method signature="search(java.lang.String, java.lang.String, java.lang.String)[pri:2, instance:org.selenium.TestngDataprovider@73eb439a]" started-at="2023-01-07T12:14:42Z" name="search" data-provider="Getsearch" finished-at="2023-01-07T12:15:17Z" duration-ms="35630" status="PASS">
          <params>
            <param index="0">
              <value>
                <![CDATA[Adactin1294]]>
              </value>
            </param>
            <param index="1">
              <value>
                <![CDATA[Dilli@1234]]>
              </value>
            </param>
            <param index="2">
              <value>
                <![CDATA[Sydney]]>
              </value>
            </param>
          </params>
          <reporter-output>
          </reporter-output>
        </test-method> <!-- search -->
      </class> <!-- org.selenium.TestngDataprovider -->
    </test> <!-- Default test -->
  </suite> <!-- Default suite -->
</testng-results>
